Tue Nov 23 18:10:25 CST 2021  [debug] AvalonLogSystem initialized using logfile 'C:\Users\ASUS\Desktop\Java\day4-11\.metadata\.plugins\com.genuitec.eclipse.templates\velocity.log'
Tue Nov 23 18:10:25 CST 2021   [info] ************************************************************** 
Tue Nov 23 18:10:25 CST 2021   [info] Starting Jakarta Velocity v1.4
Tue Nov 23 18:10:25 CST 2021   [info] RuntimeInstance initializing.
Tue Nov 23 18:10:25 CST 2021   [info] Default Properties File: org\apache\velocity\runtime\defaults\velocity.properties
Tue Nov 23 18:10:25 CST 2021   [info] Trying to use logger class org.apache.velocity.runtime.log.AvalonLogSystem
Tue Nov 23 18:10:25 CST 2021   [info] Using logger class org.apache.velocity.runtime.log.AvalonLogSystem
Tue Nov 23 18:10:25 CST 2021   [info] Default ResourceManager initializing. (class org.apache.velocity.runtime.resource.ResourceManagerImpl)
Tue Nov 23 18:10:25 CST 2021   [info] Resource Loader Instantiated: com.genuitec.eclipse.templates.internal.PluginResourceLoader
Tue Nov 23 18:10:25 CST 2021   [info] ResourceCache : initialized. (class org.apache.velocity.runtime.resource.ResourceCacheImpl)
Tue Nov 23 18:10:25 CST 2021   [info] Default ResourceManager initialization complete.
Tue Nov 23 18:10:25 CST 2021   [info] Loaded System Directive: org.apache.velocity.runtime.directive.Literal
Tue Nov 23 18:10:25 CST 2021   [info] Loaded System Directive: org.apache.velocity.runtime.directive.Macro
Tue Nov 23 18:10:25 CST 2021   [info] Loaded System Directive: org.apache.velocity.runtime.directive.Parse
Tue Nov 23 18:10:25 CST 2021   [info] Loaded System Directive: org.apache.velocity.runtime.directive.Include
Tue Nov 23 18:10:25 CST 2021   [info] Loaded System Directive: org.apache.velocity.runtime.directive.Foreach
Tue Nov 23 18:10:25 CST 2021   [info] Created: 20 parsers.
Tue Nov 23 18:10:25 CST 2021   [info] Velocimacro : initialization starting.
Tue Nov 23 18:10:25 CST 2021   [info] Velocimacro : adding VMs from VM library template : VM_global_library.vm
Tue Nov 23 18:10:25 CST 2021   [info] ResourceManager : found VM_global_library.vm with loader com.genuitec.eclipse.templates.internal.PluginResourceLoader
Tue Nov 23 18:10:25 CST 2021   [info] Velocimacro :  VM library template macro registration complete.
Tue Nov 23 18:10:25 CST 2021   [info] Velocimacro : allowInline = true : VMs can be defined inline in templates
Tue Nov 23 18:10:25 CST 2021   [info] Velocimacro : allowInlineToOverride = true : VMs defined inline may replace previous VM definitions
Tue Nov 23 18:10:25 CST 2021   [info] Velocimacro : allowInlineLocal = true : VMs defined inline will be local to their defining template only.
Tue Nov 23 18:10:25 CST 2021   [info] Velocimacro : messages on  : VM system will output logging messages
Tue Nov 23 18:10:25 CST 2021   [info] Velocimacro : autoload off  : VM system will not automatically reload global library macros
Tue Nov 23 18:10:25 CST 2021   [info] Velocimacro : initialization complete.
Tue Nov 23 18:10:25 CST 2021   [info] Velocity successfully started.
Tue Nov 23 18:10:25 CST 2021   [info] ResourceManager : found templates/web.xml.vm with loader com.genuitec.eclipse.templates.internal.PluginResourceLoader
Tue Nov 23 18:10:25 CST 2021   [info] ResourceManager : found /templates/velocity/welcome/Jsp.vtl with loader com.genuitec.eclipse.templates.internal.PluginResourceLoader
Tue Nov 23 18:11:19 CST 2021   [info] ResourceManager : found templates/web.xml.vm with loader com.genuitec.eclipse.templates.internal.PluginResourceLoader
Tue Nov 23 18:11:49 CST 2021   [info] ResourceManager : found templates/web.xml.vm with loader com.genuitec.eclipse.templates.internal.PluginResourceLoader
Tue Nov 23 18:11:49 CST 2021   [info] ResourceManager : found /templates/velocity/welcome/Jsp.vtl with loader com.genuitec.eclipse.templates.internal.PluginResourceLoader
Tue Nov 23 18:12:35 CST 2021   [info] ResourceManager : found templates/web.xml.vm with loader com.genuitec.eclipse.templates.internal.PluginResourceLoader
Tue Nov 23 18:12:35 CST 2021   [info] ResourceManager : found /templates/velocity/welcome/Jsp.vtl with loader com.genuitec.eclipse.templates.internal.PluginResourceLoader
